[18:57:23] [Client thread/INFO]: Setting user: Player708
[18:57:26] [Client thread/INFO]: LWJGL Version: 2.9.1
[18:57:29] [Client thread/INFO]: Reloading ResourceManager: Default, FMLFileResourcePack:Forge Mod Loader, FMLFileResourcePack:Minecraft Forge, FMLFileResourcePack:Example Mod
[18:57:30] [Sound Library Loader/INFO]: Starting up SoundSystem...
[18:57:30] [Thread-6/INFO]: Initializing LWJGL OpenAL
[18:57:30] [Thread-6/INFO]: (The LWJGL binding of OpenAL.  For more information, see http://www.lwjgl.org)
[18:57:30] [Thread-6/INFO]: OpenAL initialized.
[18:57:31] [Sound Library Loader/INFO]: Sound engine started
[18:57:33] [Client thread/INFO]: Created: 512x512 textures-atlas
[18:57:34] [Client thread/INFO]: Reloading ResourceManager: Default, FMLFileResourcePack:Forge Mod Loader, FMLFileResourcePack:Minecraft Forge, FMLFileResourcePack:Example Mod
[18:57:34] [Client thread/INFO]: SoundSystem shutting down...
[18:57:34] [Client thread/WARN]: Author: Paul Lamb, www.paulscode.com
[18:57:34] [Sound Library Loader/INFO]: Starting up SoundSystem...
[18:57:34] [Thread-8/INFO]: Initializing LWJGL OpenAL
[18:57:34] [Thread-8/INFO]: (The LWJGL binding of OpenAL.  For more information, see http://www.lwjgl.org)
[18:57:34] [Thread-8/INFO]: OpenAL initialized.
[18:57:34] [Sound Library Loader/INFO]: Sound engine started
[18:57:36] [Client thread/INFO]: Created: 512x512 textures-atlas
[18:58:46] [Client thread/INFO]: Stopping!
[18:58:46] [Client thread/INFO]: SoundSystem shutting down...
[18:58:46] [Client thread/WARN]: Author: Paul Lamb, www.paulscode.com
